2024-08-05T03:53:16.396Z P:33748 T:19684] SyncServiceImpl::Initialize,SyncState after the account was authenticated: NotSignedIn
2024-08-05T03:53:18.207Z P:33748 T:6612] SyncManagerImpl::ConfigureSyncer,Types to download: Encryption Keys
2024-08-05T03:53:21.625Z P:33748 T:19684] ModelLoadManager::Configure,Desired: Device Info, User Consents, Send Tab To Self, Encryption Keys preferred: Device Info, User Consents, Send Tab To Self, Encryption Keys
2024-08-05T03:53:21.625Z P:33748 T:19684] ModelLoadManager::LoadDesiredTypes,Desired: Device Info, User Consents, Send Tab To Self
2024-08-05T03:53:21.632Z P:33748 T:19684] ModelLoadManager::ModelLoadCallback,Load Device Info: success
2024-08-05T03:53:21.632Z P:33748 T:19684] ModelLoadManager::ModelLoadCallback,Load User Consents: success
2024-08-05T03:53:21.632Z P:33748 T:19684] ModelLoadManager::ModelLoadCallback,Load Send Tab To Self: success
2024-08-05T03:53:21.632Z P:33748 T:19684] ModelLoadManager::NotifyDelegateIfReadyForConfigure,All data types are ready for configuration
2024-08-05T03:53:21.633Z P:33748 T:19684] DataTypeManagerImpl::OnAllDataTypesReadyForConfigure,All data types are ready for configuration
2024-08-05T03:53:21.633Z P:33748 T:19684] DataTypeManagerImpl::StartNextConfiguration,Size: 3 front: Encryption Keys
2024-08-05T03:53:21.633Z P:33748 T:19684] DataTypeManagerImpl::PrepareConfigureParams,Add types: 
2024-08-05T03:53:21.855Z P:33748 T:27700] SyncManagerImpl::ConfigureSyncer,Types to download: 
2024-08-05T03:53:21.855Z P:33748 T:19684] DataTypeManagerImpl::ConfigurationCompleted,Reconfigure
2024-08-05T03:53:21.855Z P:33748 T:19684] ModelLoadManager::Configure,Desired: Device Info, User Consents, Send Tab To Self, Encryption Keys preferred: Device Info, User Consents, Send Tab To Self, Encryption Keys
2024-08-05T03:53:21.855Z P:33748 T:19684] ModelLoadManager::LoadDesiredTypes,Desired: Device Info, User Consents, Send Tab To Self
2024-08-05T03:53:21.855Z P:33748 T:19684] ModelLoadManager::NotifyDelegateIfReadyForConfigure,All data types are ready for configuration
2024-08-05T03:53:21.855Z P:33748 T:19684] DataTypeManagerImpl::OnAllDataTypesReadyForConfigure,All data types are ready for configuration
2024-08-05T03:53:21.855Z P:33748 T:19684] DataTypeManagerImpl::StartNextConfiguration,Size: 3 front: Encryption Keys
2024-08-05T03:53:21.855Z P:33748 T:19684] DataTypeManagerImpl::PrepareConfigureParams,Add types: 
2024-08-05T03:53:21.855Z P:33748 T:27700] SyncManagerImpl::ConfigureSyncer,Types to download: 
2024-08-05T03:53:21.855Z P:33748 T:19684] DataTypeManagerImpl::ConfigurationCompleted,Left: 2
2024-08-05T03:53:21.855Z P:33748 T:19684] DataTypeManagerImpl::StartNextConfiguration,Size: 2 front: Device Info, Send Tab To Self
2024-08-05T03:53:21.855Z P:33748 T:19684] DataTypeManagerImpl::PrepareConfigureParams,Add types: Device Info, Send Tab To Self, Encryption Keys
2024-08-05T03:53:21.855Z P:33748 T:27700] SyncManagerImpl::ConfigureSyncer,Types to download: Device Info, Send Tab To Self, Encryption Keys
2024-08-05T03:53:22.305Z P:33748 T:19684] DataTypeManagerImpl::ConfigurationCompleted,Left: 1
2024-08-05T03:53:22.305Z P:33748 T:19684] DataTypeManagerImpl::StartNextConfiguration,Size: 1 front: User Consents
2024-08-05T03:53:22.305Z P:33748 T:19684] DataTypeManagerImpl::PrepareConfigureParams,Add types: 
2024-08-05T03:53:22.308Z P:33748 T:27700] SyncManagerImpl::ConfigureSyncer,Types to download: 
2024-08-05T03:53:22.308Z P:33748 T:19684] DataTypeManagerImpl::ConfigurationCompleted,Left: 0
2024-08-05T03:53:23.554Z P:33748 T:40556] Commit::PostAndProcessResponse,Device Info: Success
2024-08-05T03:53:23.554Z P:33748 T:40556] Commit::PostAndProcessResponse,User Consents: Success
